<?xml version="1.0" encoding="UTF-8"?>
<!-- Generated by org.testng.reporters.JUnitReportReporter -->
<testsuite hostname="LAPTOP-DAP28CO9" failures="0" tests="1" name="TestAutomation.OpenBrowserFB" time="17.322" errors="0" timestamp="2020-04-28T19:35:50 IST" skipped="0">
  <testcase classname="TestAutomation.OpenBrowserFB" name="OpenBrowser" time="17.322"/>
  <system-out/>
</testsuite> <!-- TestAutomation.OpenBrowserFB -->
